2021-11-25 23:26:09: -- 分析开始 On File Change First Full Analyze Upon Folder Connect
2021-11-25 23:26:09: 左侧: State file does not exist: H:/SteamLibrary/steamapps/common/Counter-Strike Global Offensive/Locations/_gsdata_/_file_state_v4._gs
2021-11-25 23:26:09: 右侧: State file does not exist: D:/OneDrive - haoraner/游戏/helper点位/_gsdata_/_file_state_v4._gs
2021-11-25 23:26:09: 变更：15， 冲突：0， 复制时间：0， 复制状态：0， 错误： 0, All: 16
2021-11-25 23:26:09: Left to Right: Copy File: 15 
2021-11-25 23:26:09: == 同步开始由 On File Change First Full Analyze Upon Folder Connect
2021-11-25 23:26:09: 新建复制 'H:/SteamLibrary/steamapps/common/Counter-Strike Global Offensive/Locations/cs_office_rage' -> 'D:/OneDrive - haoraner/游戏/helper点位/cs_office_rage' (7,047)
2021-11-25 23:26:09: 新建复制 'H:/SteamLibrary/steamapps/common/Counter-Strike Global Offensive/Locations/de_cache_legit' -> 'D:/OneDrive - haoraner/游戏/helper点位/de_cache_legit' (6,519)
2021-11-25 23:26:09: 新建复制 'H:/SteamLibrary/steamapps/common/Counter-Strike Global Offensive/Locations/de_cbble_legit' -> 'D:/OneDrive - haoraner/游戏/helper点位/de_cbble_legit' (4,169)
2021-11-25 23:26:09: 新建复制 'H:/SteamLibrary/steamapps/common/Counter-Strike Global Offensive/Locations/de_cbble_rage' -> 'D:/OneDrive - haoraner/游戏/helper点位/de_cbble_rage' (4,061)
2021-11-25 23:26:09: 新建复制 'H:/SteamLibrary/steamapps/common/Counter-Strike Global Offensive/Locations/de_dust2_legit' -> 'D:/OneDrive - haoraner/游戏/helper点位/de_dust2_legit' (2,985)
2021-11-25 23:26:09: 新建复制 'H:/SteamLibrary/steamapps/common/Counter-Strike Global Offensive/Locations/de_inferno_legit' -> 'D:/OneDrive - haoraner/游戏/helper点位/de_inferno_legit' (4,804)
2021-11-25 23:26:09: 新建复制 'H:/SteamLibrary/steamapps/common/Counter-Strike Global Offensive/Locations/de_dust2_rage' -> 'D:/OneDrive - haoraner/游戏/helper点位/de_dust2_rage' (2,168)
2021-11-25 23:26:09: 新建复制 'H:/SteamLibrary/steamapps/common/Counter-Strike Global Offensive/Locations/de_mirage_legit' -> 'D:/OneDrive - haoraner/游戏/helper点位/de_mirage_legit' (14,340)
2021-11-25 23:26:09: 新建复制 'H:/SteamLibrary/steamapps/common/Counter-Strike Global Offensive/Locations/de_inferno_rage' -> 'D:/OneDrive - haoraner/游戏/helper点位/de_inferno_rage' (6,672)
2021-11-25 23:26:09: 新建复制 'H:/SteamLibrary/steamapps/common/Counter-Strike Global Offensive/Locations/de_mirage_rage' -> 'D:/OneDrive - haoraner/游戏/helper点位/de_mirage_rage' (16,527)
2021-11-25 23:26:09: 新建复制 'H:/SteamLibrary/steamapps/common/Counter-Strike Global Offensive/Locations/de_nuke_legit' -> 'D:/OneDrive - haoraner/游戏/helper点位/de_nuke_legit' (2,085)
2021-11-25 23:26:09: 新建复制 'H:/SteamLibrary/steamapps/common/Counter-Strike Global Offensive/Locations/de_overpass_legit' -> 'D:/OneDrive - haoraner/游戏/helper点位/de_overpass_legit' (5,109)
2021-11-25 23:26:09: 新建复制 'H:/SteamLibrary/steamapps/common/Counter-Strike Global Offensive/Locations/de_train_legit' -> 'D:/OneDrive - haoraner/游戏/helper点位/de_train_legit' (2,987)
2021-11-25 23:26:09: 新建复制 'H:/SteamLibrary/steamapps/common/Counter-Strike Global Offensive/Locations/de_vertigo_legit' -> 'D:/OneDrive - haoraner/游戏/helper点位/de_vertigo_legit' (5,175)
2021-11-25 23:26:09: 新建复制 'H:/SteamLibrary/steamapps/common/Counter-Strike Global Offensive/Locations/de_vertigo_rage' -> 'D:/OneDrive - haoraner/游戏/helper点位/de_vertigo_rage' (3,526)
2021-11-25 23:26:09: == 同步完成. 历时: 00:00:00, 速度: 0.00/s, 完成: 15, 错误: 0
